Traceback (most recent call last):
  File "ReadOnePage.py", line 33, in <module>
    search.read_search_page(page_n)
  File "/home/jakob/studium/03/Fortgeschrittenen_Praktikum/Marvin_Webcrawler/Classes/Search.py", line 65, in read_search_page
    self.click_wait('showEvent:backButtonTop')
  File "/home/jakob/studium/03/Fortgeschrittenen_Praktikum/Marvin_Webcrawler/Classes/Search.py", line 150, in click_wait
    assert element != None, "Element not found. Timeout \nAttempts:{} \nLast Attempt (secs before error): {} \nID: {}".format(counter, time() - attempt_time, element_id)
AssertionError: Element not found. Timeout 
Attempts:4014 
Last Attempt (secs before error): 1.8596649169921875e-05 
ID: showEvent:backButtonTop
